<?xml version="1.0" encoding="UTF-8"?>
<!-- Generated by org.testng.reporters.JUnitReportReporter -->
<testsuite hostname="op-PC" name="com.example.tests.GroupModificationTests" tests="1" failures="0" timestamp="25 Oct 2015 20:34:58 GMT" time="2.145" errors="0">
  <testcase name="modifySomeGroup" time="2.145" classname="com.example.tests.GroupModificationTests"/>
</testsuite> <!-- com.example.tests.GroupModificationTests -->
