<?xml version="1.0" encoding="UTF-8"?>
<!-- Generated by org.testng.reporters.JUnitReportReporter -->
<testsuite hostname="op-PC" name="com.example.tests.ContactRemovalTests" tests="1" failures="0" timestamp="25 Oct 2015 19:06:26 GMT" time="1.002" errors="0">
  <testcase name="deleteSomeContact" time="1.002" classname="com.example.tests.ContactRemovalTests"/>
</testsuite> <!-- com.example.tests.ContactRemovalTests -->
