<?xml version="1.0" encoding="UTF-8"?>
<!-- Generated by org.testng.reporters.JUnitReportReporter -->
<testsuite hostname="op-PC" name="com.example.tests.ContactCreationTest" tests="2" failures="0" timestamp="16 Oct 2015 12:56:24 GMT" time="3.439" errors="0">
  <testcase name="testNonEmptyContactCreation" time="2.137" classname="com.example.tests.ContactCreationTest"/>
  <testcase name="testEmptyContactCreation" time="1.302" classname="com.example.tests.ContactCreationTest"/>
</testsuite> <!-- com.example.tests.ContactCreationTest -->
