<?xml version="1.0" encoding="UTF-8"?>
<!-- Generated by org.testng.reporters.JUnitReportReporter -->
<testsuite hostname="op-PC" name="com.example.tests.ContactCreationTest" tests="2" failures="0" timestamp="20 Oct 2015 11:17:46 GMT" time="3.689" errors="0">
  <testcase name="testNonEmptyContactCreation" time="2.352" classname="com.example.tests.ContactCreationTest"/>
  <testcase name="testEmptyContactCreation" time="1.337" classname="com.example.tests.ContactCreationTest"/>
</testsuite> <!-- com.example.tests.ContactCreationTest -->
