<?xml version="1.0" encoding="UTF-8"?>
<!-- Generated by org.testng.reporters.JUnitReportReporter -->
<testsuite hostname="op-PC" name="com.example.tests.GroupRemovalTests" tests="1" failures="0" timestamp="25 Oct 2015 20:22:20 GMT" time="1.034" errors="0">
  <testcase name="deleteSomeGroup" time="1.034" classname="com.example.tests.GroupRemovalTests"/>
</testsuite> <!-- com.example.tests.GroupRemovalTests -->
