<?xml version="1.0" encoding="UTF-8"?>
<!-- Generated by org.testng.reporters.JUnitReportReporter -->
<testsuite hostname="op-PC" name="com.example.tests.AlsoGroupCreationTest2" tests="2" failures="0" timestamp="16 Oct 2015 12:56:24 GMT" time="2.089" errors="0">
  <testcase name="testEmptyGroupCreation" time="0.991" classname="com.example.tests.AlsoGroupCreationTest2"/>
  <testcase name="testNonEmptyGroupCreation" time="1.098" classname="com.example.tests.AlsoGroupCreationTest2"/>
</testsuite> <!-- com.example.tests.AlsoGroupCreationTest2 -->
