<?xml version="1.0" encoding="UTF-8"?>
<!-- Generated by org.testng.reporters.JUnitReportReporter -->
<testsuite hostname="op-PC" name="com.example.tests.GroupCreationTest" tests="2" failures="0" timestamp="23 Oct 2015 01:19:17 GMT" time="13.858" errors="0">
  <testcase name="testEmptyGroupCreation" time="11.405" classname="com.example.tests.GroupCreationTest"/>
  <testcase name="testNonEmptyGroupCreation" time="2.453" classname="com.example.tests.GroupCreationTest"/>
</testsuite> <!-- com.example.tests.GroupCreationTest -->
