<?xml version="1.0" encoding="UTF-8"?>
<!-- Generated by org.testng.reporters.JUnitReportReporter -->
<testsuite hostname="op-PC" name="com.example.tests.AlsoGroupCreationTest2" tests="2" failures="0" timestamp="20 Oct 2015 11:17:46 GMT" time="2.484" errors="0">
  <testcase name="testEmptyGroupCreation" time="1.331" classname="com.example.tests.AlsoGroupCreationTest2"/>
  <testcase name="testNonEmptyGroupCreation" time="1.153" classname="com.example.tests.AlsoGroupCreationTest2"/>
</testsuite> <!-- com.example.tests.AlsoGroupCreationTest2 -->
