<?xml version="1.0" encoding="UTF-8"?>
<!-- Generated by org.testng.reporters.JUnitReportReporter -->
<testsuite hostname="op-PC" name="com.example.tests.GroupCreationTest" tests="2" failures="0" timestamp="16 Oct 2015 12:56:24 GMT" time="2.294" errors="0">
  <testcase name="testEmptyGroupCreation" time="0.988" classname="com.example.tests.GroupCreationTest"/>
  <testcase name="testNonEmptyGroupCreation" time="1.306" classname="com.example.tests.GroupCreationTest"/>
</testsuite> <!-- com.example.tests.GroupCreationTest -->
